<?xml version="1.0" encoding="UTF-8" ?>
<testsuite errors="0" failures="0" hostname="DESKTOP-URUNQ5U" name="seguridad.accesoadatos.ComunDBTest" skipped="0" tests="6" time="1.239" timestamp="2021-06-19T02:25:24">
  <properties>
    <property name="project.Seguridad_Entidades" value="../Seguridad.Entidades" />
    <property name="libs.spring-framework300.classpath" value="Z:\Sistema\APPS\Java\Netbeans\NetBeans-12.3\netbeans\platform\modules\org-apache-commons-logging.jar;Z:\Sistema\APPS\Java\Netbeans\NetBeans-12.3\netbeans\java\modules\ext\cglib-2.2.jar;Z:\Sistema\APPS\Java\Netbeans\NetBeans-12.3\netbeans\java\modules\ext\spring-3.0\spring-aop-3.2.18.RELEASE.jar;Z:\Sistema\APPS\Java\Netbeans\NetBeans-12.3\netbeans\java\modules\ext\spring-3.0\spring-aspects-3.2.18.RELEASE.jar;Z:\Sistema\APPS\Java\Netbeans\NetBeans-12.3\netbeans\java\modules\ext\spring-3.0\spring-beans-3.2.18.RELEASE.jar;Z:\Sistema\APPS\Java\Netbeans\NetBeans-12.3\netbeans\java\modules\ext\spring-3.0\spring-context-3.2.18.RELEASE.jar;Z:\Sistema\APPS\Java\Netbeans\NetBeans-12.3\netbeans\java\modules\ext\spring-3.0\spring-context-support-3.2.18.RELEASE.jar;Z:\Sistema\APPS\Java\Netbeans\NetBeans-12.3\netbeans\java\modules\ext\spring-3.0\spring-core-3.2.18.RELEASE.jar;Z:\Sistema\APPS\Java\Netbeans\NetBeans-12.3\netbeans\java\modules\ext\spring-3.0\spring-expression-3.2.18.RELEASE.jar;Z:\Sistema\APPS\Java\Netbeans\NetBeans-12.3\netbeans\java\modules\ext\spring-3.0\spring-instrument-3.2.18.RELEASE.jar;Z:\Sistema\APPS\Java\Netbeans\NetBeans-12.3\netbeans\java\modules\ext\spring-3.0\spring-instrument-tomcat-3.2.18.RELEASE.jar;Z:\Sistema\APPS\Java\Netbeans\NetBeans-12.3\netbeans\java\modules\ext\spring-3.0\spring-jdbc-3.2.18.RELEASE.jar;Z:\Sistema\APPS\Java\Netbeans\NetBeans-12.3\netbeans\java\modules\ext\spring-3.0\spring-jms-3.2.18.RELEASE.jar;Z:\Sistema\APPS\Java\Netbeans\NetBeans-12.3\netbeans\java\modules\ext\spring-3.0\spring-orm-3.2.18.RELEASE.jar;Z:\Sistema\APPS\Java\Netbeans\NetBeans-12.3\netbeans\java\modules\ext\spring-3.0\spring-oxm-3.2.18.RELEASE.jar;Z:\Sistema\APPS\Java\Netbeans\NetBeans-12.3\netbeans\java\modules\ext\spring-3.0\spring-struts-3.2.18.RELEASE.jar;Z:\Sistema\APPS\Java\Netbeans\NetBeans-12.3\netbeans\java\modules\ext\spring-3.0\spring-test-3.2.18.RELEASE.jar;Z:\Sistema\APPS\Java\Netbeans\NetBeans-12.3\netbeans\java\modules\ext\spring-3.0\spring-tx-3.2.18.RELEASE.jar;Z:\Sistema\APPS\Java\Netbeans\NetBeans-12.3\netbeans\java\modules\ext\spring-3.0\spring-web-3.2.18.RELEASE.jar;Z:\Sistema\APPS\Java\Netbeans\NetBeans-12.3\netbeans\java\modules\ext\spring-3.0\spring-webmvc-3.2.18.RELEASE.jar;Z:\Sistema\APPS\Java\Netbeans\NetBeans-12.3\netbeans\java\modules\ext\spring-3.0\spring-webmvc-portlet-3.2.18.RELEASE.jar" />
    <property name="javac.test.classpath" value="../Seguridad.Entidades/dist/Seguridad.Entidades.jar:D:\Tareas\Java\sqljdbc_9.2\enu\mssql-jdbc-9.2.1.jre15.jar:build/classes:Z:\Sistema\APPS\Java\Netbeans\NetBeans-12.3\netbeans\platform\modules\ext\junit-4.13.1.jar:Z:\Sistema\APPS\Java\Netbeans\NetBeans-12.3\netbeans\platform\modules\ext\hamcrest-core-1.3.jar" />
    <property name="java.specification.version" value="16" />
    <property name="jar.index.metainf" value="false" />
    <property name="libs.spring-framework500.classpath" value="Z:\Sistema\APPS\Java\Netbeans\NetBeans-12.3\netbeans\platform\modules\org-apache-commons-logging.jar;Z:\Sistema\APPS\Java\Netbeans\NetBeans-12.3\netbeans\java\modules\ext\cglib-2.2.jar;Z:\Sistema\APPS\Java\Netbeans\NetBeans-12.3\netbeans\java\modules\ext\spring-5\spring-aop-5.2.9.RELEASE.jar;Z:\Sistema\APPS\Java\Netbeans\NetBeans-12.3\netbeans\java\modules\ext\spring-5\spring-aspects-5.2.9.RELEASE.jar;Z:\Sistema\APPS\Java\Netbeans\NetBeans-12.3\netbeans\java\modules\ext\spring-5\spring-beans-5.2.9.RELEASE.jar;Z:\Sistema\APPS\Java\Netbeans\NetBeans-12.3\netbeans\java\modules\ext\spring-5\spring-context-5.2.9.RELEASE.jar;Z:\Sistema\APPS\Java\Netbeans\NetBeans-12.3\netbeans\java\modules\ext\spring-5\spring-context-indexer-5.2.9.RELEASE.jar;Z:\Sistema\APPS\Java\Netbeans\NetBeans-12.3\netbeans\java\modules\ext\spring-5\spring-context-support-5.2.9.RELEASE.jar;Z:\Sistema\APPS\Java\Netbeans\NetBeans-12.3\netbeans\java\modules\ext\spring-5\spring-core-5.2.9.RELEASE.jar;Z:\Sistema\APPS\Java\Netbeans\NetBeans-12.3\netbeans\java\modules\ext\spring-5\spring-expression-5.2.9.RELEASE.jar;Z:\Sistema\APPS\Java\Netbeans\NetBeans-12.3\netbeans\java\modules\ext\spring-5\spring-instrument-5.2.9.RELEASE.jar;Z:\Sistema\APPS\Java\Netbeans\NetBeans-12.3\netbeans\java\modules\ext\spring-5\spring-jcl-5.2.9.RELEASE.jar;Z:\Sistema\APPS\Java\Netbeans\NetBeans-12.3\netbeans\java\modules\ext\spring-5\spring-jdbc-5.2.9.RELEASE.jar;Z:\Sistema\APPS\Java\Netbeans\NetBeans-12.3\netbeans\java\modules\ext\spring-5\spring-jms-5.2.9.RELEASE.jar;Z:\Sistema\APPS\Java\Netbeans\NetBeans-12.3\netbeans\java\modules\ext\spring-5\spring-messaging-5.2.9.RELEASE.jar;Z:\Sistema\APPS\Java\Netbeans\NetBeans-12.3\netbeans\java\modules\ext\spring-5\spring-orm-5.2.9.RELEASE.jar;Z:\Sistema\APPS\Java\Netbeans\NetBeans-12.3\netbeans\java\modules\ext\spring-5\spring-oxm-5.2.9.RELEASE.jar;Z:\Sistema\APPS\Java\Netbeans\NetBeans-12.3\netbeans\java\modules\ext\spring-5\spring-test-5.2.9.RELEASE.jar;Z:\Sistema\APPS\Java\Netbeans\NetBeans-12.3\netbeans\java\modules\ext\spring-5\spring-tx-5.2.9.RELEASE.jar;Z:\Sistema\APPS\Java\Netbeans\NetBeans-12.3\netbeans\java\modules\ext\spring-5\spring-web-5.2.9.RELEASE.jar;Z:\Sistema\APPS\Java\Netbeans\NetBeans-12.3\netbeans\java\modules\ext\spring-5\spring-webflux-5.2.9.RELEASE.jar;Z:\Sistema\APPS\Java\Netbeans\NetBeans-12.3\netbeans\java\modules\ext\spring-5\spring-webmvc-5.2.9.RELEASE.jar;Z:\Sistema\APPS\Java\Netbeans\NetBeans-12.3\netbeans\java\modules\ext\spring-5\spring-websocket-5.2.9.RELEASE.jar" />
    <property name="libs.spring-framework400.classpath" value="Z:\Sistema\APPS\Java\Netbeans\NetBeans-12.3\netbeans\platform\modules\org-apache-commons-logging.jar;Z:\Sistema\APPS\Java\Netbeans\NetBeans-12.3\netbeans\java\modules\ext\cglib-2.2.jar;Z:\Sistema\APPS\Java\Netbeans\NetBeans-12.3\netbeans\java\modules\ext\spring-4\spring-aop-4.3.29.RELEASE.jar;Z:\Sistema\APPS\Java\Netbeans\NetBeans-12.3\netbeans\java\modules\ext\spring-4\spring-aspects-4.3.29.RELEASE.jar;Z:\Sistema\APPS\Java\Netbeans\NetBeans-12.3\netbeans\java\modules\ext\spring-4\spring-beans-4.3.29.RELEASE.jar;Z:\Sistema\APPS\Java\Netbeans\NetBeans-12.3\netbeans\java\modules\ext\spring-4\spring-context-4.3.29.RELEASE.jar;Z:\Sistema\APPS\Java\Netbeans\NetBeans-12.3\netbeans\java\modules\ext\spring-4\spring-context-support-4.3.29.RELEASE.jar;Z:\Sistema\APPS\Java\Netbeans\NetBeans-12.3\netbeans\java\modules\ext\spring-4\spring-core-4.3.29.RELEASE.jar;Z:\Sistema\APPS\Java\Netbeans\NetBeans-12.3\netbeans\java\modules\ext\spring-4\spring-expression-4.3.29.RELEASE.jar;Z:\Sistema\APPS\Java\Netbeans\NetBeans-12.3\netbeans\java\modules\ext\spring-4\spring-instrument-4.3.29.RELEASE.jar;Z:\Sistema\APPS\Java\Netbeans\NetBeans-12.3\netbeans\java\modules\ext\spring-4\spring-instrument-tomcat-4.3.29.RELEASE.jar;Z:\Sistema\APPS\Java\Netbeans\NetBeans-12.3\netbeans\java\modules\ext\spring-4\spring-jdbc-4.3.29.RELEASE.jar;Z:\Sistema\APPS\Java\Netbeans\NetBeans-12.3\netbeans\java\modules\ext\spring-4\spring-jms-4.3.29.RELEASE.jar;Z:\Sistema\APPS\Java\Netbeans\NetBeans-12.3\netbeans\java\modules\ext\spring-4\spring-messaging-4.3.29.RELEASE.jar;Z:\Sistema\APPS\Java\Netbeans\NetBeans-12.3\netbeans\java\modules\ext\spring-4\spring-orm-4.3.29.RELEASE.jar;Z:\Sistema\APPS\Java\Netbeans\NetBeans-12.3\netbeans\java\modules\ext\spring-4\spring-oxm-4.3.29.RELEASE.jar;Z:\Sistema\APPS\Java\Netbeans\NetBeans-12.3\netbeans\java\modules\ext\spring-4\spring-test-4.3.29.RELEASE.jar;Z:\Sistema\APPS\Java\Netbeans\NetBeans-12.3\netbeans\java\modules\ext\spring-4\spring-tx-4.3.29.RELEASE.jar;Z:\Sistema\APPS\Java\Netbeans\NetBeans-12.3\netbeans\java\modules\ext\spring-4\spring-web-4.3.29.RELEASE.jar;Z:\Sistema\APPS\Java\Netbeans\NetBeans-12.3\netbeans\java\modules\ext\spring-4\spring-webmvc-4.3.29.RELEASE.jar;Z:\Sistema\APPS\Java\Netbeans\NetBeans-12.3\netbeans\java\modules\ext\spring-4\spring-webmvc-portlet-4.3.29.RELEASE.jar;Z:\Sistema\APPS\Java\Netbeans\NetBeans-12.3\netbeans\java\modules\ext\spring-4\spring-websocket-4.3.29.RELEASE.jar" />
    <property name="libs.spring-webmvc4.0.javadoc" value="" />
    <property name="test.binaryincludes" value="&lt;nothing&gt;" />
    <property name="debug-transport" value="dt_shmem" />
    <property name="libs.javaee-web-api-8.0.src" value="" />
    <property name="java.vendor.url" value="https://java.oracle.com/" />
    <property name="debug.modulepath" value="" />
    <property name="libs.eclipselink.javadoc" value="Z:\Sistema\APPS\Java\Netbeans\NetBeans-12.3\netbeans\java\modules\ext\docs\javax.persistence-2.2.1-doc.zip" />
    <property name="libs.jsp-compilation.src" value="" />
    <property name="libs.JWSAntTasks.javadoc" value="" />
    <property name="sun.boot.library.path" value="Z:\Sistema\APPS\Java\jdk-16.0.1\bin" />
    <property name="sun.java.command" value="org.apache.tools.ant.taskdefs.optional.junit.JUnitTestRunner seguridad.accesoadatos.ComunDBTest skipNonTests=false filtertrace=true haltOnError=false haltOnFailure=false showoutput=true outputtoformatters=true logfailedtests=true threadid=0 logtestlistenerevents=true formatter=org.apache.tools.ant.taskdefs.optional.junit.BriefJUnitResultFormatter formatter=org.apache.tools.ant.taskdefs.optional.junit.XMLJUnitResultFormatter,D:\Tareas\Java\Proyecto_nCapas\Seguridad.AccesoADatos\build\test\results\TEST-seguridad.accesoadatos.ComunDBTest.xml crashfile=D:\Tareas\Java\Proyecto_nCapas\Seguridad.AccesoADatos\build\junitvmwatcher10133754630221785035.properties propsfile=D:\Tareas\Java\Proyecto_nCapas\Seguridad.AccesoADatos\build\junit10749116170667070171.properties" />
    <property name="jdk.debug" value="release" />
    <property name="libs.spring-framework300.src" value="" />
    <property name="javadoc.use" value="true" />
    <property name="javadoc.notree" value="false" />
    <property name="basedir" value="D:\Tareas\Java\Proyecto_nCapas\Seguridad.AccesoADatos" />
    <property name="java.specification.name" value="Java Platform API Specification" />
    <property name="java.vm.specification.vendor" value="Oracle Corporation" />
    <property name="libs.jsf20.classpath" value="Z:\Sistema\APPS\Java\Netbeans\NetBeans-12.3\netbeans\enterprise\modules\ext\jsf-2_2\javax.faces.jar" />
    <property name="netbeans.extbrowser.manual_chrome_plugin_install" value="yes" />
    <property name="netbeans.default_userdir_root" value="C:\Users\oditi\AppData\Roaming\NetBeans" />
    <property name="libs.spring-framework500.javadoc" value="" />
    <property name="libs.jsp-compilation-syscp.src" value="" />
    <property name="jdk.home" value="Z:\Sistema\APPS\Java\jdk-16.0.1" />
    <property name="java.runtime.version" value="16.0.1+9-24" />
    <property name="libs.eclipselink.maven-pom" value="" />
    <property name="libs.metro.maven-pom" value="" />
    <property name="libs.JAXB-ENDORSED.javadoc" value="" />
    <property name="sun.java2d.noddraw" value="true" />
    <property name="sun.zip.disableMemoryMapping" value="true" />
    <property name="jnidispatch.path" value="C:\Users\oditi\AppData\Local\Temp\jna-105594537\jna8522125690573446818.dll" />
    <property name="libs.jsf12.src" value="" />
    <property name="libs.jsp-compilation.javadoc" value="" />
    <property name="libs.primefaces.javadoc" value="" />
    <property name="libs.groovy-all.maven-pom" value="" />
    <property name="libs.restapi.src" value="" />
    <property name="libs.junit_5.javadoc" value="Z:\Sistema\APPS\Java\Netbeans\NetBeans-12.3\netbeans\platform\docs\junit-jupiter-api-5.6.0-javadoc.jar;Z:\Sistema\APPS\Java\Netbeans\NetBeans-12.3\netbeans\platform\docs\junit-jupiter-params-5.6.0-javadoc.jar;Z:\Sistema\APPS\Java\Netbeans\NetBeans-12.3\netbeans\platform\docs\junit-jupiter-engine-5.6.0-javadoc.jar" />
    <property name="dist.archive.excludes" value="" />
    <property name="java.io.tmpdir" value="C:\Users\oditi\AppData\Local\Temp\" />
    <property name="java.version" value="16.0.1" />
    <property name="libs.jakartaee-api-8.0.javadoc" value="Z:\Sistema\APPS\Java\Netbeans\NetBeans-12.3\netbeans\enterprise\docs\jakartaee8-doc-api.jar" />
    <property name="java.vm.specification.name" value="Java Virtual Machine Specification" />
    <property name="java.library.path" value="Z:\Sistema\APPS\Java\jdk-16.0.1\bin;C:\Windows\Sun\Java\bin;C:\Windows\system32;C:\Windows;C:\Program Files\Common Files\Oracle\Java\javapath;C:\Program Files (x86)\NVIDIA Corporation\PhysX\Common;C:\Program Files (x86)\Common Files\Oracle\Java\javapath;C:\Windows\system32;C:\Windows;C:\Windows\System32\Wbem;C:\Windows\System32\WindowsPowerShell\v1.0\;C:\Windows\System32\OpenSSH\;C:\Program Files\nodejs\;Z:\Sistema\Flutter\flutter\bin;C:\Program Files\Git\cmd;C:\Program Files\dotnet\;C:\Program Files\Microsoft SQL Server\Client SDK\ODBC\170\Tools\Binn\;C:\Program Files (x86)\Microsoft SQL Server\150\Tools\Binn\;C:\Program Files\Microsoft SQL Server\150\Tools\Binn\;C:\Program Files\Microsoft SQL Server\150\DTS\Binn\;C:\Users\oditi\AppData\Local\Programs\Python\Python38-32\Scripts\;C:\Users\oditi\AppData\Local\Programs\Python\Python38-32\;C:\Users\oditi\AppData\Local\Microsoft\WindowsApps;Z:\Sistema\APPS\Microsoft VS Code\bin;C:\Users\oditi\AppData\Roaming\npm;C:\Program Files\MongoDB\Server\4.2\bin;C:\Users\oditi\AppData\Local\GitHubDesktop\bin;C:\Program Files\heroku\bin;C:\Users\oditi\.dotnet\tools;." />
    <property name="libs.hamcrest.src" value="" />
    <property name="java.vendor" value="Oracle Corporation" />
    <property name="libs.testng.javadoc" value="Z:\Sistema\APPS\Java\Netbeans\NetBeans-12.3\netbeans\platform\docs\testng-6.13.1-javadoc.jar" />
    <property name="libs.groovy-all.src" value="" />
    <property name="meta.inf.dir" value="src/META-INF" />
    <property name="run.upgrademodulepath" value="" />
    <property name="compile.on.save" value="true" />
    <property name="libs.testng.maven-pom" value="" />
    <property name="jlink.additionalparam" value="" />
    <property name="org.openide.version" value="deprecated" />
    <property name="test.includes" value="seguridad/accesoadatos/ComunDBTest.java" />
    <property name="run.classpath" value="../Seguridad.Entidades/dist/Seguridad.Entidades.jar:D:\Tareas\Java\sqljdbc_9.2\enu\mssql-jdbc-9.2.1.jre15.jar:build/classes" />
    <property name="libs.jaxb.src" value="" />
    <property name="sun.awt.enableExtraMouseButtons" value="true" />
    <property name="test.src.dir" value="test" />
    <property name="org.openide.major.version" value="IDE/1" />
    <property name="libs.spring-framework300.javadoc" value="" />
    <property name="ap.proc.none.internal" value="" />
    <property name="org.openide.specification.version" value="6.2" />
    <property name="user.timezone" value="America/El_Salvador" />
    <property name="jar.index" value="false" />
    <property name="libs.jpa20-persistence.classpath" value="Z:\Sistema\APPS\Java\Netbeans\NetBeans-12.3\netbeans\java\modules\ext\eclipselink\javax.persistence-2.2.1.jar" />
    <property name="libs.junit_5.classpath" value="Z:\Sistema\APPS\Java\Netbeans\NetBeans-12.3\netbeans\platform\modules\ext\junit-jupiter-api-5.6.0.jar;Z:\Sistema\APPS\Java\Netbeans\NetBeans-12.3\netbeans\platform\modules\ext\junit-jupiter-params-5.6.0.jar;Z:\Sistema\APPS\Java\Netbeans\NetBeans-12.3\netbeans\platform\modules\ext\junit-jupiter-engine-5.6.0.jar" />
    <property name="java.vm.specification.version" value="16" />
    <property name="libs.eclipselinkmodelgen.javadoc" value="" />
    <property name="javadoc.noindex" value="false" />
    <property name="javadoc.private" value="false" />
    <property name="libs.spring-webmvc4.0.maven-pom" value="" />
    <property name="libs.JAXB-ENDORSED.maven-pom" value="" />
    <property name="user.home" value="C:\Users\oditi" />
    <property name="libs.eclipselinkmodelgen.maven-pom" value="" />
    <property name="have.sources" value="true" />
    <property name="annotation.processing.processors.list" value="" />
    <property name="javac.deprecation" value="false" />
    <property name="jlink.launcher" value="true" />
    <property name="build.generated.sources.dir" value="build/generated-sources" />
    <property name="plugin.manager.check.updates" value="false" />
    <property name="netbeans.autoupdate.language" value="es" />
    <property name="libs.eclipselinkmodelgen.src" value="" />
    <property name="build.compiler.emacs" value="true" />
    <property name="build.classes.excludes" value="**/*.java,**/*.form" />
    <property name="dist.jar" value="dist/Seguridad.AccesoADatos.jar" />
    <property name="libs.spring-webmvc4.0.classpath" value="Z:\Sistema\APPS\Java\Netbeans\NetBeans-12.3\netbeans\java\modules\ext\spring-4\spring-webmvc-4.3.29.RELEASE.jar" />
    <property name="modules.supported.internal" value="true" />
    <property name="libs.javaee-endorsed-api-7.0.javadoc" value="Z:\Sistema\APPS\Java\Netbeans\NetBeans-12.3\netbeans\enterprise\docs\javaee-doc-api.jar" />
    <property name="os.version" value="10.0" />
    <property name="netbeans.home" value="Z:\Sistema\APPS\Java\Netbeans\NetBeans-12.3\netbeans\platform" />
    <property name="libs.CopyLibs.javadoc" value="" />
    <property name="debug-transport-by-os" value="dt_shmem" />
    <property name="libs.jsf20.src" value="" />
    <property name="libs.javaee-api-8.0.javadoc" value="Z:\Sistema\APPS\Java\Netbeans\NetBeans-12.3\netbeans\enterprise\docs\javaee-doc-api.jar" />
    <property name="java.vm.name" value="Java HotSpot(TM) 64-Bit Server VM" />
    <property name="unnamed.module.internal" value="true" />
    <property name="ant.file.type.Seguridad.AccesoADatos" value="file" />
    <property name="libs.jstl.javadoc" value="Z:\Sistema\APPS\Java\Netbeans\NetBeans-12.3\netbeans\enterprise\docs\javaee-doc-api.jar" />
    <property name="libs.javaee-endorsed-api-7.0.maven-pom" value="" />
    <property name="libs.jaxws21.classpath" value="Z:\Sistema\APPS\Java\Netbeans\NetBeans-12.3\netbeans\ide\modules\ext\jaxb\jaxb-impl.jar;Z:\Sistema\APPS\Java\Netbeans\NetBeans-12.3\netbeans\ide\modules\ext\jaxb\jaxb-xjc.jar;Z:\Sistema\APPS\Java\Netbeans\NetBeans-12.3\netbeans\java\modules\ext\jaxws22\FastInfoset.jar;Z:\Sistema\APPS\Java\Netbeans\NetBeans-12.3\netbeans\java\modules\ext\jaxws22\gmbal-api-only.jar;Z:\Sistema\APPS\Java\Netbeans\NetBeans-12.3\netbeans\java\modules\ext\jaxws22\ha-api.jar;Z:\Sistema\APPS\Java\Netbeans\NetBeans-12.3\netbeans\java\modules\ext\jaxws22\javax.mail_1.4.jar;Z:\Sistema\APPS\Java\Netbeans\NetBeans-12.3\netbeans\java\modules\ext\jaxws22\jaxws-rt.jar;Z:\Sistema\APPS\Java\Netbeans\NetBeans-12.3\netbeans\java\modules\ext\jaxws22\jaxws-tools.jar;Z:\Sistema\APPS\Java\Netbeans\NetBeans-12.3\netbeans\java\modules\ext\jaxws22\management-api.jar;Z:\Sistema\APPS\Java\Netbeans\NetBeans-12.3\netbeans\java\modules\ext\jaxws22\mimepull.jar;Z:\Sistema\APPS\Java\Netbeans\NetBeans-12.3\netbeans\java\modules\ext\jaxws22\policy.jar;Z:\Sistema\APPS\Java\Netbeans\NetBeans-12.3\netbeans\java\modules\ext\jaxws22\saaj-impl.jar;Z:\Sistema\APPS\Java\Netbeans\NetBeans-12.3\netbeans\java\modules\ext\jaxws22\stax-ex.jar;Z:\Sistema\APPS\Java\Netbeans\NetBeans-12.3\netbeans\java\modules\ext\jaxws22\stax2-api.jar;Z:\Sistema\APPS\Java\Netbeans\NetBeans-12.3\netbeans\java\modules\ext\jaxws22\streambuffer.jar;Z:\Sistema\APPS\Java\Netbeans\NetBeans-12.3\netbeans\java\modules\ext\jaxws22\woodstox-core-asl.jar;Z:\Sistema\APPS\Java\Netbeans\NetBeans-12.3\netbeans\java\modules\ext\jaxws22\api\jaxws-api.jar;Z:\Sistema\APPS\Java\Netbeans\NetBeans-12.3\netbeans\java\modules\ext\jaxws22\api\jsr181-api.jar;Z:\Sistema\APPS\Java\Netbeans\NetBeans-12.3\netbeans\java\modules\ext\jaxws22\api\javax.annotation.jar;Z:\Sistema\APPS\Java\Netbeans\NetBeans-12.3\netbeans\java\modules\ext\jaxws22\api\saaj-api.jar;Z:\Sistema\APPS\Java\Netbeans\NetBeans-12.3\netbeans\ide\modules\ext\jaxb\activation.jar;Z:\Sistema\APPS\Java\Netbeans\NetBeans-12.3\netbeans\ide\modules\ext\jaxb\api\jaxb-api.jar" />
    <property name="libs.restapi.classpath" value="Z:\Sistema\APPS\Java\Netbeans\NetBeans-12.3\netbeans\enterprise\modules\ext\jaxrs-2.0\javax.ws.rs-api-2.0.jar" />
    <property name="os.arch" value="amd64" />
    <property name="build.generated.dir" value="build/generated" />
    <property name="libs.groovy-all.javadoc" value="" />
    <property name="libs.jakartaee-api-8.0.classpath" value="Z:\Sistema\APPS\Java\Netbeans\NetBeans-12.3\netbeans\enterprise\modules\ext\jakarta.jakartaee-api-8.0.0.jar" />
    <property name="libs.javaee-web-api-7.0.javadoc" value="Z:\Sistema\APPS\Java\Netbeans\NetBeans-12.3\netbeans\enterprise\docs\javaee-doc-api.jar" />
    <property name="libs.javaee-endorsed-api-6.0.src" value="" />
    <property name="libs.jsf12.maven-pom" value="" />
    <property name="libs.javaee-endorsed-api-7.0.classpath" value="Z:\Sistema\APPS\Java\Netbeans\NetBeans-12.3\netbeans\enterprise\modules\ext\javaee7-endorsed\javax.annotation-api.jar;Z:\Sistema\APPS\Java\Netbeans\NetBeans-12.3\netbeans\enterprise\modules\ext\javaee7-endorsed\javax.xml.soap-api.jar;Z:\Sistema\APPS\Java\Netbeans\NetBeans-12.3\netbeans\enterprise\modules\ext\javaee7-endorsed\jaxb-api-osgi.jar;Z:\Sistema\APPS\Java\Netbeans\NetBeans-12.3\netbeans\enterprise\modules\ext\javaee7-endorsed\jaxws-api.jar;Z:\Sistema\APPS\Java\Netbeans\NetBeans-12.3\netbeans\enterprise\modules\ext\javaee7-endorsed\jsr181-api.jar" />
    <property name="org.netbeans.io.suspend" value="1" />
    <property name="libs.primefaces.maven-pom" value="" />
    <property name="ant.project.name" value="Seguridad.AccesoADatos" />
    <property name="dist.javadoc.dir" value="dist/javadoc" />
    <property name="default.javac.target" value="16" />
    <property name="javac.fork" value="true" />
    <property name="libs.eclipselink.classpath" value="Z:\Sistema\APPS\Java\Netbeans\NetBeans-12.3\netbeans\java\modules\ext\eclipselink\org.eclipse.persistence.core-2.7.7.jar;Z:\Sistema\APPS\Java\Netbeans\NetBeans-12.3\netbeans\java\modules\ext\eclipselink\org.eclipse.persistence.asm-2.7.7.jar;Z:\Sistema\APPS\Java\Netbeans\NetBeans-12.3\netbeans\java\modules\ext\eclipselink\org.eclipse.persistence.antlr-2.7.7.jar;Z:\Sistema\APPS\Java\Netbeans\NetBeans-12.3\netbeans\java\modules\ext\eclipselink\org.eclipse.persistence.jpa-2.7.7.jar;Z:\Sistema\APPS\Java\Netbeans\NetBeans-12.3\netbeans\java\modules\ext\eclipselink\org.eclipse.persistence.jpa.jpql-2.7.7.jar;Z:\Sistema\APPS\Java\Netbeans\NetBeans-12.3\netbeans\java\modules\ext\eclipselink\org.eclipse.persistence.moxy-2.7.7.jar;Z:\Sistema\APPS\Java\Netbeans\NetBeans-12.3\netbeans\java\modules\ext\eclipselink\javax.persistence-2.2.1.jar" />
    <property name="ant.file.type.Seguridad.AccesoADatos-impl" value="file" />
    <property name="libs.struts.classpath" value="Z:\Sistema\APPS\Java\Netbeans\NetBeans-12.3\netbeans\enterprise\modules\ext\struts\antlr-2.7.2.jar;Z:\Sistema\APPS\Java\Netbeans\NetBeans-12.3\netbeans\enterprise\modules\ext\struts\bsf-2.3.0.jar;Z:\Sistema\APPS\Java\Netbeans\NetBeans-12.3\netbeans\enterprise\modules\ext\struts\commons-beanutils-1.8.0.jar;Z:\Sistema\APPS\Java\Netbeans\NetBeans-12.3\netbeans\enterprise\modules\ext\struts\commons-chain-1.2.jar;Z:\Sistema\APPS\Java\Netbeans\NetBeans-12.3\netbeans\enterprise\modules\ext\struts\commons-digester-1.8.jar;Z:\Sistema\APPS\Java\Netbeans\NetBeans-12.3\netbeans\enterprise\modules\ext\struts\commons-fileupload-1.1.1.jar;Z:\Sistema\APPS\Java\Netbeans\NetBeans-12.3\netbeans\enterprise\modules\ext\struts\commons-io-1.1.jar;Z:\Sistema\APPS\Java\Netbeans\NetBeans-12.3\netbeans\enterprise\modules\ext\struts\commons-logging-1.0.4.jar;Z:\Sistema\APPS\Java\Netbeans\NetBeans-12.3\netbeans\enterprise\modules\ext\struts\commons-validator-1.3.1.jar;Z:\Sistema\APPS\Java\Netbeans\NetBeans-12.3\netbeans\enterprise\modules\ext\struts\jstl-1.0.2.jar;Z:\Sistema\APPS\Java\Netbeans\NetBeans-12.3\netbeans\enterprise\modules\ext\struts\oro-2.0.8.jar;Z:\Sistema\APPS\Java\Netbeans\NetBeans-12.3\netbeans\enterprise\modules\ext\struts\standard-1.0.6.jar;Z:\Sistema\APPS\Java\Netbeans\NetBeans-12.3\netbeans\enterprise\modules\ext\struts\struts-core-1.3.10.jar;Z:\Sistema\APPS\Java\Netbeans\NetBeans-12.3\netbeans\enterprise\modules\ext\struts\struts-el-1.3.10.jar;Z:\Sistema\APPS\Java\Netbeans\NetBeans-12.3\netbeans\enterprise\modules\ext\struts\struts-extras-1.3.10.jar;Z:\Sistema\APPS\Java\Netbeans\NetBeans-12.3\netbeans\enterprise\modules\ext\struts\struts-faces-1.3.10.jar;Z:\Sistema\APPS\Java\Netbeans\NetBeans-12.3\netbeans\enterprise\modules\ext\struts\struts-mailreader-dao-1.3.10.jar;Z:\Sistema\APPS\Java\Netbeans\NetBeans-12.3\netbeans\enterprise\modules\ext\struts\struts-scripting-1.3.10.jar;Z:\Sistema\APPS\Java\Netbeans\NetBeans-12.3\netbeans\enterprise\modules\ext\struts\struts-taglib-1.3.10.jar;Z:\Sistema\APPS\Java\Netbeans\NetBeans-12.3\netbeans\enterprise\modules\ext\struts\struts-tiles-1.3.10.jar" />
    <property name="libs.PostgreSQLDriver.maven-pom" value="" />
    <property name="libs.absolutelayout.src" value="" />
    <property name="testng.mode" value="testng" />
    <property name="annotation.processing.enabled.in.editor" value="false" />
    <property name="java.vm.compressedOopsMode" value="32-bit" />
    <property name="netbeans.productversion" value="Apache NetBeans IDE 12.3" />
    <property name="mkdist.disabled" value="true" />
    <property name="libs.javaee-web-api-6.0.javadoc" value="Z:\Sistema\APPS\Java\Netbeans\NetBeans-12.3\netbeans\enterprise\docs\javaee-doc-api.jar" />
    <property name="libs.groovy-all.classpath" value="Z:\Sistema\APPS\Java\Netbeans\NetBeans-12.3\netbeans\groovy\modules\ext\groovy.jar;Z:\Sistema\APPS\Java\Netbeans\NetBeans-12.3\netbeans\groovy\modules\ext\groovy-ant.jar" />
    <property name="libs.javaee-api-7.0.maven-pom" value="" />
    <property name="libs.absolutelayout.javadoc" value="" />
    <property name="module.build.classes.dir" value="build/classes" />
    <property name="annotation.processing.processor.options" value="" />
    <property name="libs.jaxb.maven-pom" value="" />
    <property name="libs.javaee-api-6.0.maven-pom" value="" />
    <property name="dist.dir" value="dist" />
    <property name="build.dir" value="build" />
    <property name="libs.graaljs.maven-pom" value="" />
    <property name="netbeans.autoupdate.variant" value="" />
    <property name="javadoc.version" value="false" />
    <property name="libs.metro.src" value="" />
    <property name="libs.metro.classpath" value="Z:\Sistema\APPS\Java\Netbeans\NetBeans-12.3\netbeans\ide\modules\ext\jaxb\activation.jar;Z:\Sistema\APPS\Java\Netbeans\NetBeans-12.3\netbeans\enterprise\modules\ext\metro\webservices-api.jar;Z:\Sistema\APPS\Java\Netbeans\NetBeans-12.3\netbeans\enterprise\modules\ext\metro\webservices-extra-api.jar;Z:\Sistema\APPS\Java\Netbeans\NetBeans-12.3\netbeans\enterprise\modules\ext\metro\webservices-extra.jar;Z:\Sistema\APPS\Java\Netbeans\NetBeans-12.3\netbeans\enterprise\modules\ext\metro\webservices-rt.jar;Z:\Sistema\APPS\Java\Netbeans\NetBeans-12.3\netbeans\enterprise\modules\ext\metro\webservices-tools.jar" />
    <property name="libs.CopyLibs.classpath" value="Z:\Sistema\APPS\Java\Netbeans\NetBeans-12.3\netbeans\java\ant\extra\org-netbeans-modules-java-j2seproject-copylibstask.jar" />
    <property name="sun.os.patch.level" value="" />
    <property name="javadoc.html5" value="false" />
    <property name="javac.test.processorpath" value="../Seguridad.Entidades/dist/Seguridad.Entidades.jar:D:\Tareas\Java\sqljdbc_9.2\enu\mssql-jdbc-9.2.1.jre15.jar:build/classes:Z:\Sistema\APPS\Java\Netbeans\NetBeans-12.3\netbeans\platform\modules\ext\junit-4.13.1.jar:Z:\Sistema\APPS\Java\Netbeans\NetBeans-12.3\netbeans\platform\modules\ext\hamcrest-core-1.3.jar" />
    <property name="libs.javaee-web-api-7.0.maven-pom" value="" />
    <property name="libs.javaee-web-api-8.0.maven-pom" value="" />
    <property name="netbeans.dirs" value="Z:\Sistema\APPS\Java\Netbeans\NetBeans-12.3\netbeans\nb;Z:\Sistema\APPS\Java\Netbeans\NetBeans-12.3\netbeans\ergonomics;Z:\Sistema\APPS\Java\Netbeans\NetBeans-12.3\netbeans\ide;Z:\Sistema\APPS\Java\Netbeans\NetBeans-12.3\netbeans\extide;Z:\Sistema\APPS\Java\Netbeans\NetBeans-12.3\netbeans\java;Z:\Sistema\APPS\Java\Netbeans\NetBeans-12.3\netbeans\apisupport;Z:\Sistema\APPS\Java\Netbeans\NetBeans-12.3\netbeans\webcommon;Z:\Sistema\APPS\Java\Netbeans\NetBeans-12.3\netbeans\websvccommon;Z:\Sistema\APPS\Java\Netbeans\NetBeans-12.3\netbeans\enterprise;Z:\Sistema\APPS\Java\Netbeans\NetBeans-12.3\netbeans\mobility;Z:\Sistema\APPS\Java\Netbeans\NetBeans-12.3\netbeans\profiler;Z:\Sistema\APPS\Java\Netbeans\NetBeans-12.3\netbeans\python;Z:\Sistema\APPS\Java\Netbeans\NetBeans-12.3\netbeans\php;Z:\Sistema\APPS\Java\Netbeans\NetBeans-12.3\netbeans\identity;Z:\Sistema\APPS\Java\Netbeans\NetBeans-12.3\netbeans\harness;Z:\Sistema\APPS\Java\Netbeans\NetBeans-12.3\netbeans\cnd;Z:\Sistema\APPS\Java\Netbeans\NetBeans-12.3\netbeans\cndext;Z:\Sistema\APPS\Java\Netbeans\NetBeans-12.3\netbeans\cpplite;Z:\Sistema\APPS\Java\Netbeans\NetBeans-12.3\netbeans\dlight;Z:\Sistema\APPS\Java\Netbeans\NetBeans-12.3\netbeans\groovy;Z:\Sistema\APPS\Java\Netbeans\NetBeans-12.3\netbeans\extra;Z:\Sistema\APPS\Java\Netbeans\NetBeans-12.3\netbeans\javacard;Z:\Sistema\APPS\Java\Netbeans\NetBeans-12.3\netbeans\javafx" />
    <property name="libs.hamcrest.maven-pom" value="" />
    <property name="javac.processorpath" value="../Seguridad.Entidades/dist/Seguridad.Entidades.jar:D:\Tareas\Java\sqljdbc_9.2\enu\mssql-jdbc-9.2.1.jre15.jar" />
    <property name="libs.javaee-api-6.0.javadoc" value="Z:\Sistema\APPS\Java\Netbeans\NetBeans-12.3\netbeans\enterprise\docs\javaee-doc-api.jar" />
    <property name="libs.JWSAntTasks.maven-pom" value="" />
    <property name="javac.upgrademodulepath" value="" />
    <property name="run.modulepath" value="" />
    <property name="apple.laf.useScreenMenuBar" value="true" />
    <property name="sun.java.launcher" value="SUN_STANDARD" />
    <property name="user.country" value="SV" />
    <property name="libs.restapi.javadoc" value="" />
    <property name="libs.jpa20-persistence.src" value="" />
    <property name="javac.test.sourcepath" value="D:\Tareas\Java\Proyecto_nCapas\Seguridad.AccesoADatos\build\empty" />
    <property name="libs.spring-webmvc3.0.maven-pom" value="" />
    <property name="includes" value="**" />
    <property name="libs.jsf12.javadoc" value="Z:\Sistema\APPS\Java\Netbeans\NetBeans-12.3\netbeans\enterprise\docs\javaee-doc-api.jar" />
    <property name="libs.hamcrest.classpath" value="Z:\Sistema\APPS\Java\Netbeans\NetBeans-12.3\netbeans\platform\modules\ext\hamcrest-core-1.3.jar" />
    <property name="javadoc.splitindex" value="true" />
    <property name="libs.JWSAntTasks.classpath" value="Z:\Sistema\APPS\Java\Netbeans\NetBeans-12.3\netbeans\java\ant\extra\org-netbeans-modules-javawebstart-anttasks.jar" />
    <property name="junit.available" value="true" />
    <property name="javac.processormodulepath" value="" />
    <property name="javadoc.encoding" value="UTF-8" />
    <property name="netbeans.hash.code" value="unique=NB_EXTIDE_JAVA_WEBCOMMON_WEBEE014834ef1-6e22-4167-8b7b-98efa58c12e3_d8309a24-e7b2-4615-a22e-33a25ed5d53f" />
    <property name="libs.jsp-compilation-syscp.maven-pom" value="" />
    <property name="libs.jstl.src" value="" />
    <property name="org.netbeans.io.pending" value="6" />
    <property name="libs.spring-webmvc3.0.classpath" value="Z:\Sistema\APPS\Java\Netbeans\NetBeans-12.3\netbeans\java\modules\ext\spring-3.0\spring-webmvc-3.2.18.RELEASE.jar" />
    <property name="java.runtime.name" value="Java(TM) SE Runtime Environment" />
    <property name="libs.jaxb.javadoc" value="Z:\Sistema\APPS\Java\Netbeans\NetBeans-12.3\netbeans\ide\docs\jaxb-api-doc.jar" />
    <property name="libs.spring-framework500.maven-pom" value="" />
    <property name="run.jvmargs.ide" value="" />
    <property name="ant.core.lib" value="Z:\Sistema\APPS\Java\Netbeans\NetBeans-12.3\netbeans\extide\ant\lib\ant.jar" />
    <property name="libs.jsp-compilation.maven-pom" value="" />
    <property name="javac.profile.cmd.line.arg" value="" />
    <property name="file.reference.mssql-jdbc-9.2.1.jre15.jar" value="D:\Tareas\Java\sqljdbc_9.2\enu\mssql-jdbc-9.2.1.jre15.jar" />
    <property name="ignore.failing.tests" value="true" />
    <property name="javac.test.modulepath" value="" />
    <property name="libs.PostgreSQLDriver.javadoc" value="" />
    <property name="libs.jsp-compilation-syscp.classpath" value="Z:\Sistema\APPS\Java\Netbeans\NetBeans-12.3\netbeans\extide\ant\lib\ant.jar;Z:\Sistema\APPS\Java\Netbeans\NetBeans-12.3\netbeans\enterprise\modules\ext\servlet3.1-jsp2.3-api.jar;Z:\Sistema\APPS\Java\Netbeans\NetBeans-12.3\netbeans\enterprise\modules\ext\glassfish-jspparser-4.0.jar;Z:\Sistema\APPS\Java\Netbeans\NetBeans-12.3\netbeans\enterprise\modules\ext\jstl-impl.jar;Z:\Sistema\APPS\Java\Netbeans\NetBeans-12.3\netbeans\enterprise\modules\ext\jsf-2_2\javax.faces.jar" />
    <property name="libs.jsp-compilation.classpath" value="Z:\Sistema\APPS\Java\Netbeans\NetBeans-12.3\netbeans\extide\ant\lib\ant.jar;Z:\Sistema\APPS\Java\Netbeans\NetBeans-12.3\netbeans\enterprise\modules\ext\servlet3.1-jsp2.3-api.jar;Z:\Sistema\APPS\Java\Netbeans\NetBeans-12.3\netbeans\enterprise\modules\ext\glassfish-jspparser-4.0.jar;Z:\Sistema\APPS\Java\Netbeans\NetBeans-12.3\netbeans\enterprise\modules\ext\jsf-2_2\javax.faces.jar;Z:\Sistema\APPS\Java\Netbeans\NetBeans-12.3\netbeans\enterprise\modules\ext\jstl-api.jar;Z:\Sistema\APPS\Java\Netbeans\NetBeans-12.3\netbeans\extide\ant\lib\ant-launcher.jar" />
    <property name="libs.javaee-api-6.0.classpath" value="Z:\Sistema\APPS\Java\Netbeans\NetBeans-12.3\netbeans\enterprise\modules\ext\javaee-api-6.0.jar" />
    <property name="javac.includesfile.binary" value="D:\Tareas\Java\Proyecto_nCapas\Seguridad.AccesoADatos\null1568282274" />
    <property name="libs.javaee-api-7.0.classpath" value="Z:\Sistema\APPS\Java\Netbeans\NetBeans-12.3\netbeans\enterprise\modules\ext\javaee-api-7.0.jar" />
    <property name="sun.cpu.isalist" value="amd64" />
    <property name="libs.restapi.maven-pom" value="" />
    <property name="javadoc.preview" value="true" />
    <property name="do.depend" value="false" />
    <property name="sun.arch.data.model" value="64" />
    <property name="nb.show.statistics.ui" value="usageStatisticsEnabled" />
    <property name="libs.javaee-endorsed-api-7.0.src" value="" />
    <property name="annotation.processing.enabled" value="true" />
    <property name="libs.junit_5.src" value="Z:\Sistema\APPS\Java\Netbeans\NetBeans-12.3\netbeans\platform\docs\junit-jupiter-api-5.6.0-sources.jar;Z:\Sistema\APPS\Java\Netbeans\NetBeans-12.3\netbeans\platform\docs\junit-jupiter-params-5.6.0-sources.jar;Z:\Sistema\APPS\Java\Netbeans\NetBeans-12.3\netbeans\platform\docs\junit-jupiter-engine-5.6.0-sources.jar" />
    <property name="libs.jaxb.classpath" value="Z:\Sistema\APPS\Java\Netbeans\NetBeans-12.3\netbeans\ide\modules\ext\jaxb\jaxb-impl.jar;Z:\Sistema\APPS\Java\Netbeans\NetBeans-12.3\netbeans\ide\modules\ext\jaxb\jaxb-xjc.jar;Z:\Sistema\APPS\Java\Netbeans\NetBeans-12.3\netbeans\ide\modules\ext\jaxb\activation.jar;Z:\Sistema\APPS\Java\Netbeans\NetBeans-12.3\netbeans\ide\modules\ext\jaxb\api\jaxb-api.jar" />
    <property name="libs.javaee-api-8.0.classpath" value="Z:\Sistema\APPS\Java\Netbeans\NetBeans-12.3\netbeans\enterprise\modules\ext\javaee-api-8.0.jar" />
    <property name="libs.CopyLibs.src" value="" />
    <property name="java.specification.vendor" value="Oracle Corporation" />
    <property name="javac.source" value="16" />
    <property name="java.version.date" value="2021-04-20" />
    <property name="java.home" value="Z:\Sistema\APPS\Java\jdk-16.0.1" />
    <property name="work.dir" value="D:\Tareas\Java\Proyecto_nCapas\Seguridad.AccesoADatos" />
    <property name="jna.boot.library.name" value="jnidispatch-nb" />
    <property name="javac.test.compilerargs" value="" />
    <property name="libs.PostgreSQLDriver.classpath" value="Z:\Sistema\APPS\Java\Netbeans\NetBeans-12.3\netbeans\ide\modules\ext\postgresql-42.2.16.jar" />
    <property name="libs.graaljs.javadoc" value="" />
    <property name="libs.spring-webmvc3.0.javadoc" value="" />
    <property name="libs.JAXB-ENDORSED.src" value="" />
    <property name="manifest.encoding" value="UTF-8" />
    <property name="user.script" value="" />
    <property name="libs.spring-framework400.src" value="" />
    <property name="sun.management.compiler" value="HotSpot 64-Bit Tiered Compilers" />
    <property name="run.test.modulepath" value="" />
    <property name="reference.Seguridad_Entidades.jar" value="../Seguridad.Entidades/dist/Seguridad.Entidades.jar" />
    <property name="libs.javaee-web-api-6.0.classpath" value="Z:\Sistema\APPS\Java\Netbeans\NetBeans-12.3\netbeans\enterprise\modules\ext\javaee-web-api-6.0.jar" />
    <property name="libs.graaljs.classpath" value="Z:\Sistema\APPS\Java\Netbeans\NetBeans-12.3\netbeans\webcommon\modules\ext\js-20.2.0.jar;Z:\Sistema\APPS\Java\Netbeans\NetBeans-12.3\netbeans\webcommon\modules\ext\js-launcher-20.2.0.jar;Z:\Sistema\APPS\Java\Netbeans\NetBeans-12.3\netbeans\webcommon\modules\ext\regex-20.2.0.jar;Z:\Sistema\APPS\Java\Netbeans\NetBeans-12.3\netbeans\webcommon\modules\ext\icu4j-67.1.jar;Z:\Sistema\APPS\Java\Netbeans\NetBeans-12.3\netbeans\ide\modules\ext\graal-sdk-20.2.0.jar;Z:\Sistema\APPS\Java\Netbeans\NetBeans-12.3\netbeans\ide\modules\ext\launcher-common-20.2.0.jar;Z:\Sistema\APPS\Java\Netbeans\NetBeans-12.3\netbeans\ide\modules\ext\truffle-api-20.2.0.jar" />
    <property name="libs.jsp-compiler.javadoc" value="" />
    <property name="debug.test.modulepath" value="" />
    <property name="libs.javaee-web-api-7.0.classpath" value="Z:\Sistema\APPS\Java\Netbeans\NetBeans-12.3\netbeans\enterprise\modules\ext\javaee-web-api-7.0.jar" />
    <property name="file.encoding" value="Cp1252" />
    <property name="java.util.logging.config.class" value="org.netbeans.core.startup.TopLogging" />
    <property name="https.nonProxyHosts" value="localhost|127.0.0.1|DESKTOP-URUNQ5U" />
    <property name="libs.restlib.javadoc" value="" />
    <property name="libs.absolutelayout.classpath" value="Z:\Sistema\APPS\Java\Netbeans\NetBeans-12.3\netbeans\java\modules\ext\AbsoluteLayout.jar" />
    <property name="do.archive" value="true" />
    <property name="libs.struts.maven-pom" value="" />
    <property name="built-jar.properties" value="D:\Tareas\Java\Proyecto_nCapas\Seguridad.AccesoADatos\build\built-jar.properties" />
    <property name="nb.native.filechooser" value="false" />
    <property name="libs.testng.src" value="" />
    <property name="platform.active" value="default_platform" />
    <property name="libs.javaee-web-api-8.0.classpath" value="Z:\Sistema\APPS\Java\Netbeans\NetBeans-12.3\netbeans\enterprise\modules\ext\javaee-web-api-8.0.jar" />
    <property name="sun.io.unicode.encoding" value="UnicodeLittle" />
    <property name="libs.struts.javadoc" value="Z:\Sistema\APPS\Java\Netbeans\NetBeans-12.3\netbeans\enterprise\docs\struts-1.3.10-javadoc.zip" />
    <property name="default.javac.source" value="16" />
    <property name="libs.javaee-web-api-8.0.javadoc" value="Z:\Sistema\APPS\Java\Netbeans\NetBeans-12.3\netbeans\enterprise\docs\javaee-doc-api.jar" />
    <property name="netbeans.dynamic.classpath" value="Z:\Sistema\APPS\Java\Netbeans\NetBeans-12.3\netbeans\platform\core\asm-8.0.1.jar;Z:\Sistema\APPS\Java\Netbeans\NetBeans-12.3\netbeans\platform\core\asm-commons-8.0.1.jar;Z:\Sistema\APPS\Java\Netbeans\NetBeans-12.3\netbeans\platform\core\asm-tree-8.0.1.jar;Z:\Sistema\APPS\Java\Netbeans\NetBeans-12.3\netbeans\platform\core\core-base.jar;Z:\Sistema\APPS\Java\Netbeans\NetBeans-12.3\netbeans\platform\core\core.jar;Z:\Sistema\APPS\Java\Netbeans\NetBeans-12.3\netbeans\platform\core\org-netbeans-libs-asm.jar;Z:\Sistema\APPS\Java\Netbeans\NetBeans-12.3\netbeans\platform\core\org-openide-filesystems-compat8.jar;Z:\Sistema\APPS\Java\Netbeans\NetBeans-12.3\netbeans\platform\core\org-openide-filesystems.jar;Z:\Sistema\APPS\Java\Netbeans\NetBeans-12.3\netbeans\nb\core\org-netbeans-upgrader.jar;Z:\Sistema\APPS\Java\Netbeans\NetBeans-12.3\netbeans\nb\core\locale\core_nb.jar" />
    <property name="libs.eclipselinkmodelgen.classpath" value="Z:\Sistema\APPS\Java\Netbeans\NetBeans-12.3\netbeans\java\modules\ext\eclipselink\org.eclipse.persistence.jpa.modelgen.processor-2.7.7.jar" />
    <property name="javac.systemmodulepath.cmd.line.arg" value="" />
    <property name="netbeans.buildnumber" value="12.3-c3d4f6fa6c956cf1b5a35e8da4f44a96ab76f6a9" />
    <property name="endorsed.classpath.cmd.line.arg" value="" />
    <property name="libs.jpa20-persistence.maven-pom" value="" />
    <property name="os.name" value="Windows 10" />
    <property name="build.sysclasspath" value="ignore" />
    <property name="libs.CopyLibs.maven-pom" value="" />
    <property name="libs.jakartaee-api-8.0.maven-pom" value="" />
    <property name="jdkBug6558476" value="false" />
    <property name="http.nonProxyHosts" value="localhost|127.0.0.1|DESKTOP-URUNQ5U" />
    <property name="javadoc.author" value="false" />
    <property name="libs.jsp-compilation-syscp.javadoc" value="" />
    <property name="source.encoding" value="UTF-8" />
    <property name="jar.compress" value="false" />
    <property name="libs.javaee-api-7.0.javadoc" value="Z:\Sistema\APPS\Java\Netbeans\NetBeans-12.3\netbeans\enterprise\docs\javaee-doc-api.jar" />
    <property name="libs.spring-webmvc5.0.src" value="" />
    <property name="libs.jsf20.maven-pom" value="" />
    <property name="libs.restlib.classpath" value="Z:\Sistema\APPS\Java\Netbeans\NetBeans-12.3\netbeans\enterprise\modules\ext\jersey2\ext\asm-all-repackaged-2.2.0-b21.jar;Z:\Sistema\APPS\Java\Netbeans\NetBeans-12.3\netbeans\enterprise\modules\ext\jersey2\ext\cglib-2.2.0-b21.jar;Z:\Sistema\APPS\Java\Netbeans\NetBeans-12.3\netbeans\enterprise\modules\ext\jersey2\ext\guava-14.0.1.jar;Z:\Sistema\APPS\Java\Netbeans\NetBeans-12.3\netbeans\enterprise\modules\ext\jersey2\ext\hk2-api-2.2.0-b21.jar;Z:\Sistema\APPS\Java\Netbeans\NetBeans-12.3\netbeans\enterprise\modules\ext\jersey2\ext\hk2-locator-2.2.0-b21.jar;Z:\Sistema\APPS\Java\Netbeans\NetBeans-12.3\netbeans\enterprise\modules\ext\jersey2\ext\hk2-utils-2.2.0-b21.jar;Z:\Sistema\APPS\Java\Netbeans\NetBeans-12.3\netbeans\enterprise\modules\ext\jersey2\ext\javax.annotation-api-1.2.jar;Z:\Sistema\APPS\Java\Netbeans\NetBeans-12.3\netbeans\enterprise\modules\ext\jersey2\ext\javax.inject-2.2.0-b21.jar;Z:\Sistema\APPS\Java\Netbeans\NetBeans-12.3\netbeans\enterprise\modules\ext\jersey2\ext\javax.servlet-api-3.0.1.jar;Z:\Sistema\APPS\Java\Netbeans\NetBeans-12.3\netbeans\enterprise\modules\ext\jersey2\ext\jaxb-api-2.2.7.jar;Z:\Sistema\APPS\Java\Netbeans\NetBeans-12.3\netbeans\enterprise\modules\ext\jersey2\ext\jersey-entity-filtering-2.5.1.jar;Z:\Sistema\APPS\Java\Netbeans\NetBeans-12.3\netbeans\enterprise\modules\ext\jersey2\ext\jersey-media-moxy-2.5.1.jar;Z:\Sistema\APPS\Java\Netbeans\NetBeans-12.3\netbeans\enterprise\modules\ext\jersey2\ext\org.osgi.core-4.2.0.jar;Z:\Sistema\APPS\Java\Netbeans\NetBeans-12.3\netbeans\enterprise\modules\ext\jersey2\ext\osgi-resource-locator-1.0.1.jar;Z:\Sistema\APPS\Java\Netbeans\NetBeans-12.3\netbeans\enterprise\modules\ext\jersey2\ext\persistence-api-1.0.jar;Z:\Sistema\APPS\Java\Netbeans\NetBeans-12.3\netbeans\enterprise\modules\ext\jersey2\ext\validation-api-1.1.0.Final.jar;Z:\Sistema\APPS\Java\Netbeans\NetBeans-12.3\netbeans\enterprise\modules\ext\jersey2\jersey-client.jar;Z:\Sistema\APPS\Java\Netbeans\NetBeans-12.3\netbeans\enterprise\modules\ext\jersey2\jersey-common.jar;Z:\Sistema\APPS\Java\Netbeans\NetBeans-12.3\netbeans\enterprise\modules\ext\jersey2\jersey-container-servlet.jar;Z:\Sistema\APPS\Java\Netbeans\NetBeans-12.3\netbeans\enterprise\modules\ext\jersey2\jersey-container-servlet-core.jar;Z:\Sistema\APPS\Java\Netbeans\NetBeans-12.3\netbeans\enterprise\modules\ext\jersey2\jersey-server.jar;Z:\Sistema\APPS\Java\Netbeans\NetBeans-12.3\netbeans\java\modules\ext\eclipselink\org.eclipse.persistence.core-2.7.7.jar;Z:\Sistema\APPS\Java\Netbeans\NetBeans-12.3\netbeans\java\modules\ext\eclipselink\org.eclipse.persistence.asm-2.7.7.jar;Z:\Sistema\APPS\Java\Netbeans\NetBeans-12.3\netbeans\java\modules\ext\eclipselink\org.eclipse.persistence.antlr-2.7.7.jar;Z:\Sistema\APPS\Java\Netbeans\NetBeans-12.3\netbeans\java\modules\ext\eclipselink\org.eclipse.persistence.jpa-2.7.7.jar;Z:\Sistema\APPS\Java\Netbeans\NetBeans-12.3\netbeans\java\modules\ext\eclipselink\org.eclipse.persistence.jpa.jpql-2.7.7.jar;Z:\Sistema\APPS\Java\Netbeans\NetBeans-12.3\netbeans\java\modules\ext\eclipselink\org.eclipse.persistence.moxy-2.7.7.jar" />
    <property name="libs.jakartaee-web-api-8.0.javadoc" value="Z:\Sistema\APPS\Java\Netbeans\NetBeans-12.3\netbeans\enterprise\docs\jakartaee8-doc-api.jar" />
    <property name="apple.awt.graphics.UseQuartz" value="true" />
    <property name="libs.graaljs.src" value="" />
    <property name="run.jvmargs" value="" />
    <property name="libs.primefaces.src" value="" />
    <property name="ant.file" value="D:\Tareas\Java\Proyecto_nCapas\Seguridad.AccesoADatos\build.xml" />
    <property name="libs.struts.src" value="" />
    <property name="path.separator" value=";" />
    <property name="libs.JAXB-ENDORSED.classpath" value="Z:\Sistema\APPS\Java\Netbeans\NetBeans-12.3\netbeans\ide\modules\ext\jaxb\api\jaxb-api.jar" />
    <property name="libs.restlib.src" value="" />
    <property name="build.test.results.dir" value="build/test/results" />
    <property name="libs.jaxws21.javadoc" value="Z:\Sistema\APPS\Java\Netbeans\NetBeans-12.3\netbeans\java\docs\jaxws-api-doc.zip" />
    <property name="libs.javaee-endorsed-api-6.0.javadoc" value="Z:\Sistema\APPS\Java\Netbeans\NetBeans-12.3\netbeans\enterprise\docs\javaee-doc-api.jar" />
    <property name="libs.spring-framework400.maven-pom" value="" />
    <property name="ap.processors.internal" value="" />
    <property name="module.name" value="" />
    <property name="libs.jsf12.classpath" value="Z:\Sistema\APPS\Java\Netbeans\NetBeans-12.3\netbeans\enterprise\modules\ext\jsf-1_2\jsf-api.jar;Z:\Sistema\APPS\Java\Netbeans\NetBeans-12.3\netbeans\enterprise\modules\ext\jsf-1_2\jsf-impl.jar" />
    <property name="libs.spring-webmvc5.0.javadoc" value="" />
    <property name="libs.spring-framework400.javadoc" value="" />
    <property name="libs.hamcrest.javadoc" value="" />
    <property name="java.vm.info" value="mixed mode, sharing" />
    <property name="libs.primefaces.classpath" value="Z:\Sistema\APPS\Java\Netbeans\NetBeans-12.3\netbeans\enterprise\modules\ext\primefaces\primefaces-5.0.jar" />
    <property name="libs.jaxws21.maven-pom" value="" />
    <property name="run.test.classpath" value="../Seguridad.Entidades/dist/Seguridad.Entidades.jar:D:\Tareas\Java\sqljdbc_9.2\enu\mssql-jdbc-9.2.1.jre15.jar:build/classes:Z:\Sistema\APPS\Java\Netbeans\NetBeans-12.3\netbeans\platform\modules\ext\junit-4.13.1.jar:Z:\Sistema\APPS\Java\Netbeans\NetBeans-12.3\netbeans\platform\modules\ext\hamcrest-core-1.3.jar:build/test/classes" />
    <property name="dist.jlink.output" value="dist/jlink/Seguridad.AccesoADatos" />
    <property name="javadoc.encoding.used" value="UTF-8" />
    <property name="java.class.version" value="60.0" />
    <property name="src.dir" value="src" />
    <property name="debug.classpath" value="../Seguridad.Entidades/dist/Seguridad.Entidades.jar:D:\Tareas\Java\sqljdbc_9.2\enu\mssql-jdbc-9.2.1.jre15.jar:build/classes" />
    <property name="ant.project.default-target" value="default" />
    <property name="excludes" value="" />
    <property name="libs.javaee-api-7.0.src" value="" />
    <property name="run.test.jvmargs" value="" />
    <property name="sun.jnu.encoding" value="Cp1252" />
    <property name="libs.junit_4.javadoc" value="Z:\Sistema\APPS\Java\Netbeans\NetBeans-12.3\netbeans\platform\docs\junit-4.13.1-javadoc.jar" />
    <property name="libs.spring-webmvc4.0.src" value="" />
    <property name="sun.java2d.dpiaware" value="true" />
    <property name="libs.jsf20.javadoc" value="Z:\Sistema\APPS\Java\Netbeans\NetBeans-12.3\netbeans\enterprise\docs\javaee-doc-api.jar" />
    <property name="ant.file.Seguridad.AccesoADatos" value="D:\Tareas\Java\Proyecto_nCapas\Seguridad.AccesoADatos\build.xml" />
    <property name="netbeans.importclass" value="org.netbeans.upgrade.AutoUpgrade" />
    <property name="netbeans.autoupdate.version" value="1.23" />
    <property name="empty.dir" value="D:\Tareas\Java\Proyecto_nCapas\Seguridad.AccesoADatos\build\empty" />
    <property name="netbeans.user" value="C:\Users\oditi\AppData\Roaming\NetBeans\12.3" />
    <property name="javac.includes.binary" value="D:\Tareas\Java\Proyecto_nCapas\Seguridad.AccesoADatos\build\test\classes\seguridad\accesoadatos\ComunDBTest.class" />
    <property name="file.separator" value="\" />
    <property name="line.separator" value="&#xd;&#xa;" />
    <property name="javadoc.additionalparam" value="" />
    <property name="ant.file.Seguridad.AccesoADatos-impl" value="D:\Tareas\Java\Proyecto_nCapas\Seguridad.AccesoADatos\nbproject\build-impl.xml" />
    <property name="libs.spring-webmvc5.0.classpath" value="Z:\Sistema\APPS\Java\Netbeans\NetBeans-12.3\netbeans\java\modules\ext\spring-5\spring-webmvc-5.2.9.RELEASE.jar" />
    <property name="javac.debug" value="true" />
    <property name="libs.restlib.maven-pom" value="" />
    <property name="libs.testng.classpath" value="Z:\Sistema\APPS\Java\Netbeans\NetBeans-12.3\netbeans\platform\modules\ext\testng-6.14.3.jar;Z:\Sistema\APPS\Java\Netbeans\NetBeans-12.3\netbeans\platform\modules\ext\jcommander-1.78.jar" />
    <property name="libs.jsp-compiler.src" value="" />
    <property name="user.name" value="oditi" />
    <property name="build.classes.dir" value="build/classes" />
    <property name="nb.junit.single" value="false" />
    <property name="javadoc.windowtitle" value="" />
    <property name="nb.internal.action.name" value="test.single" />
    <property name="libs.javaee-api-8.0.maven-pom" value="" />
    <property name="libs.jaxws21.src" value="" />
    <property name="jna.loaded" value="true" />
    <property name="libs.junit_5.maven-pom" value="" />
    <property name="libs.jpa20-persistence.javadoc" value="Z:\Sistema\APPS\Java\Netbeans\NetBeans-12.3\netbeans\java\modules\ext\docs\javax.persistence-2.2.1-doc.zip" />
    <property name="ant.junit.enabletestlistenerevents" value="true" />
    <property name="libs.JWSAntTasks.src" value="" />
    <property name="libs.spring-webmvc3.0.src" value="" />
    <property name="ant.home" value="Z:\Sistema\APPS\Java\Netbeans\NetBeans-12.3\netbeans\extide\ant" />
    <property name="javac.external.vm" value="true" />
    <property name="have.tests" value="true" />
    <property name="debug.test.classpath" value="../Seguridad.Entidades/dist/Seguridad.Entidades.jar:D:\Tareas\Java\sqljdbc_9.2\enu\mssql-jdbc-9.2.1.jre15.jar:build/classes:Z:\Sistema\APPS\Java\Netbeans\NetBeans-12.3\netbeans\platform\modules\ext\junit-4.13.1.jar:Z:\Sistema\APPS\Java\Netbeans\NetBeans-12.3\netbeans\platform\modules\ext\hamcrest-core-1.3.jar:build/test/classes" />
    <property name="testng.debug.mode" value="" />
    <property name="javac.target" value="16" />
    <property name="ant.version" value="Apache Ant(TM) version 1.10.8 compiled on May 10 2020" />
    <property name="libs.absolutelayout.maven-pom" value="" />
    <property name="jdk.gtk.version" value="2.2" />
    <property name="java.failonerror" value="true" />
    <property name="javac.modulepath" value="" />
    <property name="libs.spring-framework500.src" value="" />
    <property name="libs.javaee-api-6.0.src" value="" />
    <property name="user.properties.file" value="C:\Users\oditi\AppData\Roaming\NetBeans\12.3\build.properties" />
    <property name="javac.includes" value="seguridad/accesoadatos/ComunDBTest.java" />
    <property name="netbeans.autoupdate.country" value="SV" />
    <property name="java.class.path" value="D:\Tareas\Java\Proyecto_nCapas\Seguridad.Entidades\dist\Seguridad.Entidades.jar;D:\Tareas\Java\sqljdbc_9.2\enu\mssql-jdbc-9.2.1.jre15.jar;D:\Tareas\Java\Proyecto_nCapas\Seguridad.AccesoADatos\build\classes;Z:\Sistema\APPS\Java\Netbeans\NetBeans-12.3\netbeans\platform\modules\ext\junit-4.13.1.jar;Z:\Sistema\APPS\Java\Netbeans\NetBeans-12.3\netbeans\platform\modules\ext\hamcrest-core-1.3.jar;D:\Tareas\Java\Proyecto_nCapas\Seguridad.AccesoADatos\build\test\classes;Z:\Sistema\APPS\Java\Netbeans\NetBeans-12.3\netbeans\extide\ant\lib\ant-launcher.jar;Z:\Sistema\APPS\Java\Netbeans\NetBeans-12.3\netbeans\extide\ant\lib\ant.jar;Z:\Sistema\APPS\Java\Netbeans\NetBeans-12.3\netbeans\extide\ant\lib\ant-junit.jar;Z:\Sistema\APPS\Java\Netbeans\NetBeans-12.3\netbeans\extide\ant\lib\ant-junit4.jar" />
    <property name="libs.javaee-web-api-6.0.maven-pom" value="" />
    <property name="java.vm.vendor" value="Oracle Corporation" />
    <property name="ap.supported.internal" value="true" />
    <property name="user.variant" value="" />
    <property name="netbeans.home+have.tests" value="true" />
    <property name="test.binaryexcludes" value="" />
    <property name="javac.compilerargs" value="" />
    <property name="libs.jstl.maven-pom" value="" />
    <property name="libs.jakartaee-web-api-8.0.src" value="" />
    <property name="sun.cpu.endian" value="little" />
    <property name="libs.junit_4.src" value="Z:\Sistema\APPS\Java\Netbeans\NetBeans-12.3\netbeans\platform\docs\junit-4.13.1-sources.jar" />
    <property name="user.language" value="es" />
    <property name="copylibs.rebase" value="true" />
    <property name="libs.javaee-web-api-6.0.src" value="" />
    <property name="maven.defaultProjectBuilder.disableGlobalModelCache" value="true" />
    <property name="javadoc.nonavbar" value="false" />
    <property name="libs.javaee-api-8.0.src" value="" />
    <property name="ant.java.version" value="16" />
    <property name="libs.junit_4.classpath" value="Z:\Sistema\APPS\Java\Netbeans\NetBeans-12.3\netbeans\platform\modules\ext\junit-4.13.1.jar" />
    <property name="jlink.launcher.name" value="Seguridad.AccesoADatos" />
    <property name="test.binarytestincludes" value="" />
    <property name="sun.awt.keepWorkingSetOnMinimize" value="true" />
    <property name="libs.junit_4.maven-pom" value="" />
    <property name="libs.spring-webmvc5.0.maven-pom" value="" />
    <property name="libs.jsp-compiler.maven-pom" value="" />
    <property name="runtime.encoding" value="UTF-8" />
    <property name="jlink.additionalmodules" value="" />
    <property name="javac.classpath" value="../Seguridad.Entidades/dist/Seguridad.Entidades.jar:D:\Tareas\Java\sqljdbc_9.2\enu\mssql-jdbc-9.2.1.jre15.jar" />
    <property name="libs.jakartaee-web-api-8.0.classpath" value="Z:\Sistema\APPS\Java\Netbeans\NetBeans-12.3\netbeans\enterprise\modules\ext\jakarta.jakartaee-web-api-8.0.0.jar" />
    <property name="dist.jlink.dir" value="dist/jlink" />
    <property name="nb.junit.batch" value="true" />
    <property name="build.test.classes.dir" value="build/test/classes" />
    <property name="libs.spring-framework300.maven-pom" value="" />
    <property name="ant.project.invoked-targets" value="test-single" />
    <property name="libs.jstl.classpath" value="Z:\Sistema\APPS\Java\Netbeans\NetBeans-12.3\netbeans\enterprise\modules\ext\jstl-impl.jar;Z:\Sistema\APPS\Java\Netbeans\NetBeans-12.3\netbeans\enterprise\modules\ext\jstl-api.jar" />
    <property name="ap.cmd.line.internal" value="" />
    <property name="libs.PostgreSQLDriver.src" value="" />
    <property name="java.vendor.url.bug" value="https://bugreport.java.com/bugreport/" />
    <property name="annotation.processing.source.output" value="build/generated-sources/ap-source-output" />
    <property name="user.dir" value="D:\Tareas\Java\Proyecto_nCapas\Seguridad.AccesoADatos" />
    <property name="libs.javaee-endorsed-api-6.0.maven-pom" value="" />
    <property name="platform.java" value="Z:\Sistema\APPS\Java\jdk-16.0.1/bin/java" />
    <property name="application.args" value="" />
    <property name="org.xml.sax.driver" value="com.sun.org.apache.xerces.internal.jaxp.SAXParserImpl$JAXPSAXParser" />
    <property name="libs.jakartaee-web-api-8.0.maven-pom" value="" />
    <property name="libs.eclipselink.src" value="" />
    <property name="java.vm.version" value="16.0.1+9-24" />
    <property name="libs.metro.javadoc" value="Z:\Sistema\APPS\Java\Netbeans\NetBeans-12.3\netbeans\enterprise\docs\webservices-api-javadoc.jar;Z:\Sistema\APPS\Java\Netbeans\NetBeans-12.3\netbeans\enterprise\docs\webservices-extra-javadoc.jar;Z:\Sistema\APPS\Java\Netbeans\NetBeans-12.3\netbeans\enterprise\docs\webservices-extra-api-javadoc.jar;Z:\Sistema\APPS\Java\Netbeans\NetBeans-12.3\netbeans\enterprise\docs\webservices-rt-javadoc.jar;Z:\Sistema\APPS\Java\Netbeans\NetBeans-12.3\netbeans\enterprise\docs\webservices-tools-javadoc.jar" />
    <property name="sun.awt.datatransfer.timeout" value="1000" />
    <property name="test.class" value="seguridad.accesoadatos.ComunDBTest" />
    <property name="libs.jakartaee-api-8.0.src" value="" />
    <property name="annotation.processing.run.all.processors" value="true" />
    <property name="libs.javaee-web-api-7.0.src" value="" />
    <property name="junit.forkmode" value="perTest" />
    <property name="libs.jsp-compiler.classpath" value="Z:\Sistema\APPS\Java\Netbeans\NetBeans-12.3\netbeans\enterprise\ant\extra\jspcompile.jar" />
    <property name="libs.javaee-endorsed-api-6.0.classpath" value="Z:\Sistema\APPS\Java\Netbeans\NetBeans-12.3\netbeans\enterprise\modules\ext\javaee6-endorsed\javax.annotation.jar;Z:\Sistema\APPS\Java\Netbeans\NetBeans-12.3\netbeans\enterprise\modules\ext\javaee6-endorsed\jaxb-api-osgi.jar;Z:\Sistema\APPS\Java\Netbeans\NetBeans-12.3\netbeans\enterprise\modules\ext\javaee6-endorsed\webservices-api-osgi.jar" />
  </properties>
  <testcase classname="seguridad.accesoadatos.ComunDBTest" name="testObtenerResultSet_Statement_String" time="0.888" />
  <testcase classname="seguridad.accesoadatos.ComunDBTest" name="testObtenerConexion" time="0.04" />
  <testcase classname="seguridad.accesoadatos.ComunDBTest" name="testObtenerResultSet_PreparedStatement" time="0.05" />
  <testcase classname="seguridad.accesoadatos.ComunDBTest" name="testCreatePreparedStatement" time="0.032" />
  <testcase classname="seguridad.accesoadatos.ComunDBTest" name="testCreateStatement" time="0.033" />
  <testcase classname="seguridad.accesoadatos.ComunDBTest" name="testEjecutarSQL" time="0.09" />
  <system-out><![CDATA[ObtenerResultSet
ObtenerConexion
ObtenerResultSet
createPreparedStatement
createStatement
EjecutarSQL
]]></system-out>
  <system-err><![CDATA[]]></system-err>
</testsuite>
